

Started GET "/blogposts/1" for 192.168.1.105 at 2014-02-17 18:47:10 -0500

ActionController::RoutingError (No route matches [GET] "/blogposts/1"):
  actionpack (4.0.2) lib/action_dispatch/middleware/debug_exceptions.rb:21:in `call'
  actionpack (4.0.2) lib/action_dispatch/middleware/show_exceptions.rb:30:in `call'
  railties (4.0.2) lib/rails/rack/logger.rb:38:in `call_app'
  railties (4.0.2) lib/rails/rack/logger.rb:20:in `block in call'
  activesupport (4.0.2) lib/active_support/tagged_logging.rb:67:in `block in tagged'
  activesupport (4.0.2) lib/active_support/tagged_logging.rb:25:in `tagged'
  activesupport (4.0.2) lib/active_support/tagged_logging.rb:67:in `tagged'
  railties (4.0.2) lib/rails/rack/logger.rb:20:in `call'
  actionpack (4.0.2) lib/action_dispatch/middleware/request_id.rb:21:in `call'
  rack (1.5.2) lib/rack/methodoverride.rb:21:in `call'
  rack (1.5.2) lib/rack/runtime.rb:17:in `call'
  activesupport (4.0.2) lib/active_support/cache/strategy/local_cache.rb:83:in `call'
  rack (1.5.2) lib/rack/lock.rb:17:in `call'
  actionpack (4.0.2) lib/action_dispatch/middleware/static.rb:64:in `call'
  rack (1.5.2) lib/rack/sendfile.rb:112:in `call'
  railties (4.0.2) lib/rails/engine.rb:511:in `call'
  railties (4.0.2) lib/rails/application.rb:97:in `call'
  rack (1.5.2) lib/rack/lock.rb:17:in `call'
  rack (1.5.2) lib/rack/content_length.rb:14:in `call'
  rack (1.5.2) lib/rack/handler/webrick.rb:60:in `service'
  /home/fred/.rvm/rubies/ruby-2.1.0/lib/ruby/2.1.0/webrick/httpserver.rb:138:in `service'
  /home/fred/.rvm/rubies/ruby-2.1.0/lib/ruby/2.1.0/webrick/httpserver.rb:94:in `run'
  /home/fred/.rvm/rubies/ruby-2.1.0/lib/ruby/2.1.0/webrick/server.rb:295:in `block in start_thread'


  Rendered /home/fred/.rvm/gems/ruby-2.1.0/gems/actionpack-4.0.2/lib/action_dispatch/middleware/templates/rescues/_trace.erb (3.2ms)
  Rendered /home/fred/.rvm/gems/ruby-2.1.0/gems/actionpack-4.0.2/lib/action_dispatch/middleware/templates/routes/_table.html.erb (168.3ms)
  Rendered /home/fred/.rvm/gems/ruby-2.1.0/gems/actionpack-4.0.2/lib/action_dispatch/middleware/templates/rescues/routing_error.erb within rescues/layout (386.2ms)


Started GET "/" for 192.168.1.105 at 2014-02-17 18:47:22 -0500
Processing by Rails::WelcomeController#index as HTML
  Rendered /home/fred/.rvm/gems/ruby-2.1.0/gems/railties-4.0.2/lib/rails/templates/rails/welcome/index.html.erb (6.7ms)
Completed 200 OK in 222ms (Views: 45.0ms | ActiveRecord: 0.0ms)
  [1m[36m (1.8ms)[0m  [1mCREATE TABLE "schema_migrations" ("version" varchar(255) NOT NULL) [0m
  [1m[35m (1.2ms)[0m  CREATE UNIQUE INDEX "unique_schema_migrations" ON "schema_migrations" ("version")
  [1m[36mActiveRecord::SchemaMigration Load (0.1ms)[0m  [1mSELECT "schema_migrations".* FROM "schema_migrations"[0m


Started GET "/" for 127.0.0.1 at 2014-02-17 20:17:58 -0500
Processing by Rails::WelcomeController#index as HTML
  Rendered /usr/local/rvm/gems/ruby-2.0.0-p353/gems/railties-4.0.2/lib/rails/templates/rails/welcome/index.html.erb (1.6ms)
Completed 200 OK in 41ms (Views: 12.3ms | ActiveRecord: 0.0ms)


Started GET "/" for 127.0.0.1 at 2014-02-17 20:37:51 -0500
Processing by Rails::WelcomeController#index as HTML
  Rendered /usr/local/rvm/gems/ruby-2.0.0-p353/gems/railties-4.0.2/lib/rails/templates/rails/welcome/index.html.erb (4.8ms)
Completed 200 OK in 36ms (Views: 11.0ms | ActiveRecord: 0.0ms)


Started GET "/" for 127.0.0.1 at 2014-02-17 20:39:07 -0500

ActionController::RoutingError (uninitialized constant WelcomeController):
  activesupport (4.0.2) lib/active_support/inflector/methods.rb:226:in `const_get'
  activesupport (4.0.2) lib/active_support/inflector/methods.rb:226:in `block in constantize'
  activesupport (4.0.2) lib/active_support/inflector/methods.rb:224:in `each'
  activesupport (4.0.2) lib/active_support/inflector/methods.rb:224:in `inject'
  activesupport (4.0.2) lib/active_support/inflector/methods.rb:224:in `constantize'
  actionpack (4.0.2) lib/action_dispatch/routing/route_set.rb:76:in `controller_reference'
  actionpack (4.0.2) lib/action_dispatch/routing/route_set.rb:66:in `controller'
  actionpack (4.0.2) lib/action_dispatch/routing/route_set.rb:44:in `call'
  actionpack (4.0.2) lib/action_dispatch/journey/router.rb:71:in `block in call'
  actionpack (4.0.2) lib/action_dispatch/journey/router.rb:59:in `each'
  actionpack (4.0.2) lib/action_dispatch/journey/router.rb:59:in `call'
  actionpack (4.0.2) lib/action_dispatch/routing/route_set.rb:680:in `call'
  rack (1.5.2) lib/rack/etag.rb:23:in `call'
  rack (1.5.2) lib/rack/conditionalget.rb:25:in `call'
  rack (1.5.2) lib/rack/head.rb:11:in `call'
  actionpack (4.0.2) lib/action_dispatch/middleware/params_parser.rb:27:in `call'
  actionpack (4.0.2) lib/action_dispatch/middleware/flash.rb:241:in `call'
  rack (1.5.2) lib/rack/session/abstract/id.rb:225:in `context'
  rack (1.5.2) lib/rack/session/abstract/id.rb:220:in `call'
  actionpack (4.0.2) lib/action_dispatch/middleware/cookies.rb:486:in `call'
  activerecord (4.0.2) lib/active_record/query_cache.rb:36:in `call'
  activerecord (4.0.2) lib/active_record/connection_adapters/abstract/connection_pool.rb:626:in `call'
  activerecord (4.0.2) lib/active_record/migration.rb:369:in `call'
  actionpack (4.0.2) lib/action_dispatch/middleware/callbacks.rb:29:in `block in call'
  activesupport (4.0.2) lib/active_support/callbacks.rb:373:in `_run__4288828721126840557__call__callbacks'
  activesupport (4.0.2) lib/active_support/callbacks.rb:80:in `run_callbacks'
  actionpack (4.0.2) lib/action_dispatch/middleware/callbacks.rb:27:in `call'
  actionpack (4.0.2) lib/action_dispatch/middleware/reloader.rb:64:in `call'
  actionpack (4.0.2) lib/action_dispatch/middleware/remote_ip.rb:76:in `call'
  actionpack (4.0.2) lib/action_dispatch/middleware/debug_exceptions.rb:17:in `call'
  actionpack (4.0.2) lib/action_dispatch/middleware/show_exceptions.rb:30:in `call'
  railties (4.0.2) lib/rails/rack/logger.rb:38:in `call_app'
  railties (4.0.2) lib/rails/rack/logger.rb:20:in `block in call'
  activesupport (4.0.2) lib/active_support/tagged_logging.rb:67:in `block in tagged'
  activesupport (4.0.2) lib/active_support/tagged_logging.rb:25:in `tagged'
  activesupport (4.0.2) lib/active_support/tagged_logging.rb:67:in `tagged'
  railties (4.0.2) lib/rails/rack/logger.rb:20:in `call'
  actionpack (4.0.2) lib/action_dispatch/middleware/request_id.rb:21:in `call'
  rack (1.5.2) lib/rack/methodoverride.rb:21:in `call'
  rack (1.5.2) lib/rack/runtime.rb:17:in `call'
  activesupport (4.0.2) lib/active_support/cache/strategy/local_cache.rb:83:in `call'
  rack (1.5.2) lib/rack/lock.rb:17:in `call'
  actionpack (4.0.2) lib/action_dispatch/middleware/static.rb:64:in `call'
  rack (1.5.2) lib/rack/sendfile.rb:112:in `call'
  railties (4.0.2) lib/rails/engine.rb:511:in `call'
  railties (4.0.2) lib/rails/application.rb:97:in `call'
  rack (1.5.2) lib/rack/lock.rb:17:in `call'
  rack (1.5.2) lib/rack/content_length.rb:14:in `call'
  rack (1.5.2) lib/rack/handler/webrick.rb:60:in `service'
  /usr/local/rvm/rubies/ruby-2.0.0-p353/lib/ruby/2.0.0/webrick/httpserver.rb:138:in `service'
  /usr/local/rvm/rubies/ruby-2.0.0-p353/lib/ruby/2.0.0/webrick/httpserver.rb:94:in `run'
  /usr/local/rvm/rubies/ruby-2.0.0-p353/lib/ruby/2.0.0/webrick/server.rb:295:in `block in start_thread'


  Rendered /usr/local/rvm/gems/ruby-2.0.0-p353/gems/actionpack-4.0.2/lib/action_dispatch/middleware/templates/rescues/_trace.erb (1.0ms)
  Rendered /usr/local/rvm/gems/ruby-2.0.0-p353/gems/actionpack-4.0.2/lib/action_dispatch/middleware/templates/routes/_route.html.erb (0.7ms)
  Rendered /usr/local/rvm/gems/ruby-2.0.0-p353/gems/actionpack-4.0.2/lib/action_dispatch/middleware/templates/routes/_table.html.erb (2.8ms)
  Rendered /usr/local/rvm/gems/ruby-2.0.0-p353/gems/actionpack-4.0.2/lib/action_dispatch/middleware/templates/rescues/routing_error.erb within rescues/layout (32.2ms)


Started GET "/" for 127.0.0.1 at 2014-02-17 20:39:22 -0500

ArgumentError (missing :controller):
  config/routes.rb:6:in `block in <top (required)>'
  config/routes.rb:1:in `<top (required)>'


  Rendered /usr/local/rvm/gems/ruby-2.0.0-p353/gems/actionpack-4.0.2/lib/action_dispatch/middleware/templates/rescues/_source.erb (0.9ms)
  Rendered /usr/local/rvm/gems/ruby-2.0.0-p353/gems/actionpack-4.0.2/lib/action_dispatch/middleware/templates/rescues/_trace.erb (1.0ms)
  Rendered /usr/local/rvm/gems/ruby-2.0.0-p353/gems/actionpack-4.0.2/lib/action_dispatch/middleware/templates/rescues/_request_and_response.erb (0.7ms)
  Rendered /usr/local/rvm/gems/ruby-2.0.0-p353/gems/actionpack-4.0.2/lib/action_dispatch/middleware/templates/rescues/diagnostics.erb within rescues/layout (18.6ms)


Started GET "/" for 127.0.0.1 at 2014-02-17 20:39:55 -0500
Processing by Rails::WelcomeController#index as HTML
  Rendered /usr/local/rvm/gems/ruby-2.0.0-p353/gems/railties-4.0.2/lib/rails/templates/rails/welcome/index.html.erb (0.1ms)
Completed 200 OK in 2ms (Views: 1.5ms | ActiveRecord: 0.0ms)


Started GET "/" for 127.0.0.1 at 2014-02-17 20:42:34 -0500
Processing by Rails::WelcomeController#index as HTML
  Rendered /usr/local/rvm/gems/ruby-2.0.0-p353/gems/railties-4.0.2/lib/rails/templates/rails/welcome/index.html.erb (0.1ms)
Completed 200 OK in 2ms (Views: 1.4ms | ActiveRecord: 0.0ms)


Started GET "/" for 127.0.0.1 at 2014-02-17 20:42:36 -0500
Processing by Rails::WelcomeController#index as HTML
  Rendered /usr/local/rvm/gems/ruby-2.0.0-p353/gems/railties-4.0.2/lib/rails/templates/rails/welcome/index.html.erb (0.1ms)
Completed 200 OK in 27ms (Views: 26.2ms | ActiveRecord: 0.0ms)
